\BOOKMARK [1][-]{section.1}{\376\377\000I\000N\000T\000R\000O\000D\000U\000\307\000\303\000O}{}% 1
\BOOKMARK [1][-]{section.2}{\376\377\000R\000E\000F\000E\000R\000E\000N\000C\000I\000A\000L\000\040\000T\000E\000\323\000R\000I\000C\000O}{}% 2
\BOOKMARK [2][-]{subsection.2.1}{\376\377\000A\000l\000g\000o\000r\000i\000t\000m\000o\000s\000\040\000G\000e\000n\000\351\000t\000i\000c\000o\000s\000\040\000\050\000A\000G\000\051}{section.2}% 3
\BOOKMARK [2][-]{subsection.2.2}{\376\377\000O\000t\000i\000m\000i\000z\000a\000\347\000\343\000o\000\040\000p\000o\000r\000\040\000E\000n\000x\000a\000m\000e\000\040\000d\000e\000\040\000P\000a\000r\000t\000\355\000c\000u\000l\000a\000s\000\040\000\050\000P\000S\000O\000\051}{section.2}% 4
\BOOKMARK [1][-]{section.3}{\376\377\000M\000E\000T\000O\000D\000O\000L\000O\000G\000I\000A}{}% 5
\BOOKMARK [2][-]{subsection.3.1}{\376\377\000D\000e\000f\000i\000n\000i\000\347\000\343\000o\000\040\000d\000a\000\040\000F\000u\000n\000\347\000\343\000o\000\040\000O\000b\000j\000e\000t\000i\000v\000o}{section.3}% 6
\BOOKMARK [2][-]{subsection.3.2}{\376\377\000I\000m\000p\000l\000e\000m\000e\000n\000t\000a\000\347\000\343\000o\000\040\000d\000o\000\040\000A\000l\000g\000o\000r\000i\000t\000m\000o\000\040\000G\000e\000n\000\351\000t\000i\000c\000o\000\040\000\050\000A\000G\000\051}{section.3}% 7
\BOOKMARK [2][-]{subsection.3.3}{\376\377\000I\000m\000p\000l\000e\000m\000e\000n\000t\000a\000\347\000\343\000o\000\040\000d\000o\000\040\000E\000n\000x\000a\000m\000e\000\040\000d\000e\000\040\000P\000a\000r\000t\000\355\000c\000u\000l\000a\000s\000\040\000\050\000P\000S\000O\000\051}{section.3}% 8
\BOOKMARK [2][-]{subsection.3.4}{\376\377\000S\000i\000m\000u\000l\000a\000\347\000\365\000e\000s}{section.3}% 9
\BOOKMARK [1][-]{section.4}{\376\377\000R\000E\000S\000U\000L\000T\000A\000D\000O\000S}{}% 10
\BOOKMARK [2][-]{subsection.4.1}{\376\377\000A\000l\000g\000o\000r\000i\000t\000m\000o\000\040\000G\000e\000n\000\351\000t\000i\000c\000o\000\040\000\050\000A\000G\000\051}{section.4}% 11
\BOOKMARK [3][-]{subsubsection.4.1.1}{\376\377\000P\000o\000p\000u\000l\000a\000\347\000\343\000o\000=\0002\0000\000\040\000M\000u\000t\000a\000\347\000\343\000o\000=\0000\000.\0000\0005\000\040\000C\000r\000u\000z\000a\000m\000e\000n\000t\000o\000=\0000\000.\0007}{subsection.4.1}% 12
\BOOKMARK [3][-]{subsubsection.4.1.2}{\376\377\000P\000o\000p\000u\000l\000a\000\347\000\343\000o\000=\0005\0000\000\040\000M\000u\000t\000a\000\347\000\343\000o\000=\0000\000.\0000\0005\000\040\000C\000r\000u\000z\000a\000m\000e\000n\000t\000o\000=\0000\000.\0007}{subsection.4.1}% 13
\BOOKMARK [3][-]{subsubsection.4.1.3}{\376\377\000P\000o\000p\000u\000l\000a\000\347\000\343\000o\000=\0001\0000\0000\000\040\000M\000u\000t\000a\000\347\000\343\000o\000=\0000\000.\0000\0005\000\040\000C\000r\000u\000z\000a\000m\000e\000n\000t\000o\000=\0000\000.\0007}{subsection.4.1}% 14
\BOOKMARK [3][-]{subsubsection.4.1.4}{\376\377\000P\000o\000p\000u\000l\000a\000\347\000\343\000o\000=\0002\0000\0000\000\040\000M\000u\000t\000a\000\347\000\343\000o\000=\0000\000.\0000\0005\000\040\000C\000r\000u\000z\000a\000m\000e\000n\000t\000o\000=\0000\000.\0007}{subsection.4.1}% 15
\BOOKMARK [3][-]{subsubsection.4.1.5}{\376\377\000P\000o\000p\000u\000l\000a\000\347\000\343\000o\000=\0005\0000\000\040\000M\000u\000t\000a\000\347\000\343\000o\000=\0000\000.\0000\0001\000\040\000C\000r\000u\000z\000a\000m\000e\000n\000t\000o\000=\0000\000.\0007}{subsection.4.1}% 16
\BOOKMARK [3][-]{subsubsection.4.1.6}{\376\377\000P\000o\000p\000u\000l\000a\000\347\000\343\000o\000=\0005\0000\000\040\000M\000u\000t\000a\000\347\000\343\000o\000=\0000\000.\0000\0005\000\040\000C\000r\000u\000z\000a\000m\000e\000n\000t\000o\000=\0000\000.\0007}{subsection.4.1}% 17
\BOOKMARK [3][-]{subsubsection.4.1.7}{\376\377\000P\000o\000p\000u\000l\000a\000\347\000\343\000o\000=\0005\0000\000\040\000M\000u\000t\000a\000\347\000\343\000o\000=\0000\000.\0001\000\040\000C\000r\000u\000z\000a\000m\000e\000n\000t\000o\000=\0000\000.\0007}{subsection.4.1}% 18
\BOOKMARK [3][-]{subsubsection.4.1.8}{\376\377\000P\000o\000p\000u\000l\000a\000\347\000\343\000o\000=\0005\0000\000\040\000M\000u\000t\000a\000\347\000\343\000o\000=\0000\000.\0002\000\040\000C\000r\000u\000z\000a\000m\000e\000n\000t\000o\000=\0000\000.\0007}{subsection.4.1}% 19
\BOOKMARK [3][-]{subsubsection.4.1.9}{\376\377\000P\000o\000p\000u\000l\000a\000\347\000\343\000o\000=\0005\0000\000\040\000M\000u\000t\000a\000\347\000\343\000o\000=\0000\000.\0000\0005\000\040\000C\000r\000u\000z\000a\000m\000e\000n\000t\000o\000=\0000\000.\0005}{subsection.4.1}% 20
\BOOKMARK [3][-]{subsubsection.4.1.10}{\376\377\000P\000o\000p\000u\000l\000a\000\347\000\343\000o\000=\0005\0000\000\040\000M\000u\000t\000a\000\347\000\343\000o\000=\0000\000.\0000\0005\000\040\000C\000r\000u\000z\000a\000m\000e\000n\000t\000o\000=\0000\000.\0007}{subsection.4.1}% 21
\BOOKMARK [3][-]{subsubsection.4.1.11}{\376\377\000P\000o\000p\000u\000l\000a\000\347\000\343\000o\000=\0005\0000\000\040\000M\000u\000t\000a\000\347\000\343\000o\000=\0000\000.\0000\0005\000\040\000C\000r\000u\000z\000a\000m\000e\000n\000t\000o\000=\0001\000.\0000}{subsection.4.1}% 22
\BOOKMARK [3][-]{subsubsection.4.1.12}{\376\377\000T\000a\000b\000e\000l\000a\000\040\000d\000e\000\040\000c\000o\000n\000s\000o\000l\000i\000d\000a\000\347\000\343\000o\000\040\000d\000o\000s\000\040\000d\000a\000d\000o\000s\000\040\000l\000e\000v\000a\000n\000t\000a\000d\000o\000s\000:}{subsection.4.1}% 23
\BOOKMARK [2][-]{subsection.4.2}{\376\377\000E\000n\000x\000a\000m\000e\000\040\000d\000e\000\040\000P\000a\000r\000t\000\355\000c\000u\000l\000a\000s\000\040\000\050\000P\000S\000O\000\051}{section.4}% 24
\BOOKMARK [3][-]{subsubsection.4.2.1}{\376\377\000P\000a\000r\000t\000\355\000c\000u\000l\000a\000s\000=\0001\0000\000\040\000C\000o\000g\000n\000i\000t\000i\000v\000o\000\040\000\050\000C\0001\000\051\000=\0002\000\040\000S\000o\000c\000i\000a\000l\000\040\000\050\000C\0002\000\051\000=\0002}{subsection.4.2}% 25
\BOOKMARK [3][-]{subsubsection.4.2.2}{\376\377\000P\000a\000r\000t\000\355\000c\000u\000l\000a\000s\000=\0003\0000\000\040\000C\000o\000g\000n\000i\000t\000i\000v\000o\000\040\000\050\000C\0001\000\051\000=\0002\000\040\000S\000o\000c\000i\000a\000l\000\040\000\050\000C\0002\000\051\000=\0002}{subsection.4.2}% 26
\BOOKMARK [3][-]{subsubsection.4.2.3}{\376\377\000P\000a\000r\000t\000\355\000c\000u\000l\000a\000s\000=\0005\0000\000\040\000C\000o\000g\000n\000i\000t\000i\000v\000o\000\040\000\050\000C\0001\000\051\000=\0002\000\040\000S\000o\000c\000i\000a\000l\000\040\000\050\000C\0002\000\051\000=\0002}{subsection.4.2}% 27
\BOOKMARK [3][-]{subsubsection.4.2.4}{\376\377\000P\000a\000r\000t\000\355\000c\000u\000l\000a\000s\000=\0001\0000\0000\000\040\000C\000o\000g\000n\000i\000t\000i\000v\000o\000\040\000\050\000C\0001\000\051\000=\0002\000\040\000S\000o\000c\000i\000a\000l\000\040\000\050\000C\0002\000\051\000=\0002}{subsection.4.2}% 28
\BOOKMARK [3][-]{subsubsection.4.2.5}{\376\377\000P\000a\000r\000t\000\355\000c\000u\000l\000a\000s\000=\0003\0000\000\040\000C\000o\000g\000n\000i\000t\000i\000v\000o\000\040\000\050\000C\0001\000\051\000=\0000\000.\0005\000\040\000S\000o\000c\000i\000a\000l\000\040\000\050\000C\0002\000\051\000=\0000\000.\0005}{subsection.4.2}% 29
\BOOKMARK [3][-]{subsubsection.4.2.6}{\376\377\000P\000a\000r\000t\000\355\000c\000u\000l\000a\000s\000=\0003\0000\000\040\000C\000o\000g\000n\000i\000t\000i\000v\000o\000\040\000\050\000C\0001\000\051\000=\0002\000\040\000S\000o\000c\000i\000a\000l\000\040\000\050\000C\0002\000\051\000=\0002}{subsection.4.2}% 30
\BOOKMARK [3][-]{subsubsection.4.2.7}{\376\377\000P\000a\000r\000t\000\355\000c\000u\000l\000a\000s\000=\0003\0000\000\040\000C\000o\000g\000n\000i\000t\000i\000v\000o\000\040\000\050\000C\0001\000\051\000=\0003\000.\0005\000\040\000S\000o\000c\000i\000a\000l\000\040\000\050\000C\0002\000\051\000=\0000\000.\0005}{subsection.4.2}% 31
\BOOKMARK [3][-]{subsubsection.4.2.8}{\376\377\000P\000a\000r\000t\000\355\000c\000u\000l\000a\000s\000=\0003\0000\000\040\000C\000o\000g\000n\000i\000t\000i\000v\000o\000\040\000\050\000C\0001\000\051\000=\0000\000.\0005\000\040\000S\000o\000c\000i\000a\000l\000\040\000\050\000C\0002\000\051\000=\0003\000.\0005}{subsection.4.2}% 32
\BOOKMARK [3][-]{subsubsection.4.2.9}{\376\377\000T\000a\000b\000e\000l\000a\000\040\000d\000e\000\040\000c\000o\000n\000s\000o\000l\000i\000d\000a\000\347\000\343\000o\000\040\000d\000o\000s\000\040\000d\000a\000d\000o\000s\000\040\000l\000e\000v\000a\000n\000t\000a\000d\000o\000s\000:}{subsection.4.2}% 33
\BOOKMARK [2][-]{subsection.4.3}{\376\377\000C\000o\000m\000p\000a\000r\000a\000\347\000\343\000o\000\040\000d\000e\000\040\000D\000e\000s\000e\000m\000p\000e\000n\000h\000o\000:\000\040\000A\000G\000\040\000v\000s\000.\000\040\000P\000S\000O}{section.4}% 34
\BOOKMARK [1][-]{section.5}{\376\377\000C\000O\000N\000C\000L\000U\000S\000\303\000O}{}% 35
